-------------------------------------------------------------------------------
Test set: TestProjet$calculTVAFraisTransformation
-------------------------------------------------------------------------------
Tests run: 3, Failures: 0, Errors: 0, Skipped: 3, Time elapsed: 0 s -- in TestProjet$calculTVAFraisTransformation
TestProjet$calculTVAFraisTransformation.calculTVAFraisTransformationArrondi skipped
TestProjet$calculTVAFraisTransformation.calculTVAFraisTransformationSimple skipped
TestProjet$calculTVAFraisTransformation.calculTVAFraisTransformationNegatif(double) skipped
