<?xml version="1.0" encoding="UTF-8"?>
<testsuite xmlns:xsi="http://www.w3.org/2001/XMLSchema-instance" xsi:noNamespaceSchemaLocation="https://maven.apache.org/surefire/maven-surefire-plugin/xsd/surefire-test-report.xsd" version="3.0.2" name="TestProjet$calculDroitEnregistrement" time="0.012" tests="1" errors="0" skipped="0" failures="1">
  <properties>
[...]
</properties>
  <testcase name="calculDroitEnregistrementRevenuCadastralInferieur745" classname="TestProjet$calculDroitEnregistrement" time="0.009">
    <failure message="Multiple Failures (1 failure)&#10;	org.mockito.exceptions.misusing.CannotStubVoidMethodWithReturnValue: &#10;&apos;setPrixHabitation&apos; is a *void method* and it *cannot* be stubbed with a *return value*!&#10;Voids are usually stubbed with Throwables:&#10;    doThrow(exception).when(mock).someVoidMethod();&#10;If you need to set the void method to do nothing you can use:&#10;    doNothing().when(mock).someVoidMethod();&#10;For more information, check out the javadocs for Mockito.doNothing().&#10;***&#10;If you&apos;re unsure why you&apos;re getting above error read on.&#10;Due to the nature of the syntax above problem might occur because:&#10;1. The method you are trying to stub is *overloaded*. Make sure you are calling the right overloaded version.&#10;2. Somewhere in your test you are stubbing *final methods*. Sorry, Mockito does not verify/stub final methods.&#10;3. A spy is stubbed using when(spy.foo()).then() syntax. It is safer to stub spies - &#10;   - with doReturn|Throw() family of methods. More in javadocs for Mockito.spy() method.&#10;4. Mocking methods declared on non-public parent classes is not supported.&#10;" type="org.opentest4j.MultipleFailuresError"><![CDATA[org.opentest4j.MultipleFailuresError: 
Multiple Failures (1 failure)
	org.mockito.exceptions.misusing.CannotStubVoidMethodWithReturnValue: 
'setPrixHabitation' is a *void method* and it *cannot* be stubbed with a *return value*!
Voids are usually stubbed with Throwables:
    doThrow(exception).when(mock).someVoidMethod();
If you need to set the void method to do nothing you can use:
    doNothing().when(mock).someVoidMethod();
For more information, check out the javadocs for Mockito.doNothing().
***
If you're unsure why you're getting above error read on.
Due to the nature of the syntax above problem might occur because:
1. The method you are trying to stub is *overloaded*. Make sure you are calling the right overloaded version.
2. Somewhere in your test you are stubbing *final methods*. Sorry, Mockito does not verify/stub final methods.
3. A spy is stubbed using when(spy.foo()).then() syntax. It is safer to stub spies - 
   - with doReturn|Throw() family of methods. More in javadocs for Mockito.spy() method.
4. Mocking methods declared on non-public parent classes is not supported.

	at org.junit.jupiter.api.AssertAll.assertAll(AssertAll.java:80)
	at org.junit.jupiter.api.AssertAll.assertAll(AssertAll.java:44)
	at org.junit.jupiter.api.AssertAll.assertAll(AssertAll.java:38)
	at org.junit.jupiter.api.Assertions.assertAll(Assertions.java:2940)
	at TestProjet$calculDroitEnregistrement.calculDroitEnregistrementRevenuCadastralInferieur745(TestProjet.java:76)
	at java.base/java.lang.reflect.Method.invoke(Method.java:580)
	at java.base/java.util.ArrayList.forEach(ArrayList.java:1597)
	at java.base/java.util.ArrayList.forEach(ArrayList.java:1597)
	at java.base/java.util.ArrayList.forEach(ArrayList.java:1597)
	Suppressed: org.mockito.exceptions.misusing.CannotStubVoidMethodWithReturnValue: 
'setPrixHabitation' is a *void method* and it *cannot* be stubbed with a *return value*!
Voids are usually stubbed with Throwables:
    doThrow(exception).when(mock).someVoidMethod();
If you need to set the void method to do nothing you can use:
    doNothing().when(mock).someVoidMethod();
For more information, check out the javadocs for Mockito.doNothing().
***
If you're unsure why you're getting above error read on.
Due to the nature of the syntax above problem might occur because:
1. The method you are trying to stub is *overloaded*. Make sure you are calling the right overloaded version.
2. Somewhere in your test you are stubbing *final methods*. Sorry, Mockito does not verify/stub final methods.
3. A spy is stubbed using when(spy.foo()).then() syntax. It is safer to stub spies - 
   - with doReturn|Throw() family of methods. More in javadocs for Mockito.spy() method.
4. Mocking methods declared on non-public parent classes is not supported.

		at be.iramps.ue1103.Pret.Projet.setPrixHabitation(Projet.java:92)
		at TestProjet$calculDroitEnregistrement.lambda$calculDroitEnregistrementRevenuCadastralInferieur745$0(TestProjet.java:77)
		at org.junit.jupiter.api.AssertAll.lambda$assertAll$0(AssertAll.java:68)
		at java.base/java.util.stream.ReferencePipeline$3$1.accept(ReferencePipeline.java:215)
		at java.base/java.util.Spliterators$ArraySpliterator.forEachRemaining(Spliterators.java:1024)
		at java.base/java.util.stream.AbstractPipeline.copyInto(AbstractPipeline.java:570)
		at java.base/java.util.stream.AbstractPipeline.wrapAndCopyInto(AbstractPipeline.java:560)
		at java.base/java.util.stream.ReduceOps$ReduceOp.evaluateSequential(ReduceOps.java:921)
		at java.base/java.util.stream.AbstractPipeline.evaluate(AbstractPipeline.java:265)
		at java.base/java.util.stream.ReferencePipeline.collect(ReferencePipeline.java:727)
		at org.junit.jupiter.api.AssertAll.assertAll(AssertAll.java:77)
		... 8 more
]]></failure>
  </testcase>
</testsuite>